[debug] [2021-02-07T11:35:51.064Z] ----------------------------------------------------------------------
[debug] [2021-02-07T11:35:51.066Z] Command:       C:\Program Files\nodejs\node.exe C:\Users\AlexJer\AppData\Roaming\npm\node_modules\firebase-tools\lib\bin\firebase.js init
[debug] [2021-02-07T11:35:51.067Z] CLI Version:   9.3.0
[debug] [2021-02-07T11:35:51.067Z] Platform:      win32
[debug] [2021-02-07T11:35:51.067Z] Node Version:  v12.18.0
[debug] [2021-02-07T11:35:51.068Z] Time:          Sun Feb 07 2021 13:35:51 GMT+0200 (Israel Standard Time)
[debug] [2021-02-07T11:35:51.068Z] ----------------------------------------------------------------------
[debug] [2021-02-07T11:35:51.068Z] 
[debug] [2021-02-07T11:35:51.075Z] > command requires scopes: ["email","openid","https://www.googleapis.com/auth/cloudplatformprojects.readonly","https://www.googleapis.com/auth/firebase","https://www.googleapis.com/auth/cloud-platform"]
[debug] [2021-02-07T11:35:51.076Z] > authorizing via signed-in user
[info] 
     ######## #### ########  ######## ########     ###     ######  ########
     ##        ##  ##     ## ##       ##     ##  ##   ##  ##       ##
     ######    ##  ########  ######   ########  #########  ######  ######
     ##        ##  ##    ##  ##       ##     ## ##     ##       ## ##
     ##       #### ##     ## ######## ########  ##     ##  ######  ########

You're about to initialize a Firebase project in this directory:

  D:\YnonPerek\react\chat-project

Before we get started, keep in mind:

  * You are initializing in an existing Firebase project directory

[info] 
=== Project Setup
[info] 
[info] First, let's associate this project directory with a Firebase project.
[info] You can create multiple project aliases by running firebase use --add, 
[info] but for now we'll just set up a default project.
[info] 
[info] i  .firebaserc already has a default project, using redux-ynonp-chat-project. 
[debug] [2021-02-07T11:36:03.323Z] > refreshing access token with scopes: []
[debug] [2021-02-07T11:36:03.324Z] >>> HTTP REQUEST POST https://www.googleapis.com/oauth2/v3/token  
 <request body omitted>
[debug] [2021-02-07T11:36:03.678Z] <<< HTTP RESPONSE 200 {"pragma":"no-cache","date":"Sun, 07 Feb 2021 11:36:05 GMT","cache-control":"no-cache, no-store, max-age=0, must-revalidate","expires":"Mon, 01 Jan 1990 00:00:00 GMT","content-type":"application/json; charset=utf-8","vary":"X-Origin, Referer, Origin,Accept-Encoding","server":"scaffolding on HTTPServer2","x-xss-protection":"0","x-frame-options":"SAMEORIGIN","x-content-type-options":"nosniff","alt-svc":"h3-29=\":443\"; ma=2592000,h3-T051=\":443\"; ma=2592000,h3-Q050=\":443\"; ma=2592000,h3-Q046=\":443\"; ma=2592000,h3-Q043=\":443\"; ma=2592000,quic=\":443\"; ma=2592000; v=\"46,43\"","accept-ranges":"none","transfer-encoding":"chunked"}
[debug] [2021-02-07T11:36:03.684Z] >>> [apiv2][query] GET https://firebase.googleapis.com/v1beta1/projects/redux-ynonp-chat-project [none]
[debug] [2021-02-07T11:36:04.090Z] <<< [apiv2][status] GET https://firebase.googleapis.com/v1beta1/projects/redux-ynonp-chat-project 200
[debug] [2021-02-07T11:36:04.090Z] <<< [apiv2][body] GET https://firebase.googleapis.com/v1beta1/projects/redux-ynonp-chat-project {"projectId":"redux-ynonp-chat-project","projectNumber":"1033997878027","displayName":"redux-ynonp-chat-project","name":"projects/redux-ynonp-chat-project","resources":{"hostingSite":"redux-ynonp-chat-project","realtimeDatabaseInstance":"redux-ynonp-chat-project","storageBucket":"redux-ynonp-chat-project.appspot.com","locationId":"us-central"},"state":"ACTIVE"}
[info] 
=== Hosting Setup
[info] 
[info] Your public directory is the folder (relative to your project directory) that
[info] will contain Hosting assets to be uploaded with firebase deploy. If you
[info] have a build process for your assets, use your build's output directory.
[info] 
[info] +  Wrote build/404.html 
[debug] [2021-02-07T11:41:36.924Z] >>> [apiv2][query] GET https://www.gstatic.com/firebasejs/releases.json [none]
[debug] [2021-02-07T11:41:37.210Z] <<< [apiv2][status] GET https://www.gstatic.com/firebasejs/releases.json 200
[debug] [2021-02-07T11:41:37.210Z] <<< [apiv2][body] GET https://www.gstatic.com/firebasejs/releases.json {"current":{"version":"8.2.6","browserURL":"https://www.gstatic.com/firebasejs/8.2.6/firebase.js","packageURL":"https://www.gstatic.com/firebasejs/8.2.6/firebase.tgz"},"live":{"version":"8.2","browserURL":"https://www.gstatic.com/firebasejs/live/8.2/firebase.js","packageURL":"https://www.gstatic.com/firebasejs/live/8.2/firebase.tgz"},"components":{"analytics":"https://www.gstatic.com/firebasejs/8.2.6/firebase-analytics.js","app":"https://www.gstatic.com/firebasejs/8.2.6/firebase-app.js","auth":"https://www.gstatic.com/firebasejs/8.2.6/firebase-auth.js","database":"https://www.gstatic.com/firebasejs/8.2.6/firebase-database.js","firestore":"https://www.gstatic.com/firebasejs/8.2.6/firebase-firestore.js","functions":"https://www.gstatic.com/firebasejs/8.2.6/firebase-functions.js","installations":"https://www.gstatic.com/firebasejs/8.2.6/firebase-installations.js","messaging":"https://www.gstatic.com/firebasejs/8.2.6/firebase-messaging.js","storage":"https://www.gstatic.com/firebasejs/8.2.6/firebase-storage.js","performance":"https://www.gstatic.com/firebasejs/8.2.6/firebase-performance.js","remote-config":"https://www.gstatic.com/firebasejs/8.2.6/firebase-remote-config.js","firestore.memory":"https://www.gstatic.com/firebasejs/8.2.6/firebase-firestore.memory.js"}}
[info] +  Wrote build/index.html 
[info] 
[info] i  Detected a .git folder at D:\YnonPerek\react\chat-project 
[info] i  Authorizing with GitHub to upload your service account to a GitHub repository's secrets store. 
[info] 
[info] Visit this URL on this device to log in:
[info] https://github.com/login/oauth/authorize?client_id=89cf50f02ac6aaed3484&state=815486970&redirect_uri=http%3A%2F%2Flocalhost%3A9005&scope=read%3Auser%20repo%20public_repo
[info] 
[info] Waiting for authentication...
[debug] [2021-02-07T11:42:11.239Z] >>> HTTP REQUEST POST https://github.com/login/oauth/access_token  
 {"client_id":"89cf50f02ac6aaed3484","client_secret":"3330d14abc895d9a74d5f17cd7a00711fa2c5bf0","code":"ec1a1f0b7694b385c418","redirect_uri":"http://localhost:9005","state":"815486970"}
[debug] [2021-02-07T11:42:11.672Z] <<< HTTP RESPONSE 200 {"date":"Sun, 07 Feb 2021 11:42:13 GMT","content-type":"application/json; charset=utf-8","transfer-encoding":"chunked","server":"GitHub.com","vary":"X-PJAX, Accept-Encoding, Accept, X-Requested-With, Accept-Encoding","etag":"W/\"0aa28899ccd1e0dd70600f51c056bc7a\"","cache-control":"max-age=0, private, must-revalidate","strict-transport-security":"max-age=31536000; includeSubdomains; preload","x-frame-options":"deny","x-content-type-options":"nosniff","x-xss-protection":"1; mode=block","referrer-policy":"origin-when-cross-origin, strict-origin-when-cross-origin","expect-ct":"max-age=2592000, report-uri=\"https://api.github.com/_private/browser/errors\"","content-security-policy":"default-src 'none'; base-uri 'self'; block-all-mixed-content; connect-src 'self' uploads.github.com www.githubstatus.com collector.githubapp.com api.github.com github-cloud.s3.amazonaws.com github-production-repository-file-5c1aeb.s3.amazonaws.com github-production-upload-manifest-file-7fdce7.s3.amazonaws.com github-production-user-asset-6210df.s3.amazonaws.com cdn.optimizely.com logx.optimizely.com/v1/events wss://alive.github.com; font-src github.githubassets.com; form-action 'self' github.com gist.github.com; frame-ancestors 'none'; frame-src render.githubusercontent.com; img-src 'self' data: github.githubassets.com identicons.github.com collector.githubapp.com github-cloud.s3.amazonaws.com *.githubusercontent.com; manifest-src 'self'; media-src 'none'; script-src github.githubassets.com; style-src 'unsafe-inline' github.githubassets.com; worker-src github.com/socket-worker-5029ae85.js gist.github.com/socket-worker-5029ae85.js","x-github-request-id":"DCC3:3448:1797642:1E4ACEE:601FD214"}
[debug] [2021-02-07T11:42:11.673Z] >>> [apiv2][query] GET https://api.github.com/user [none]
[debug] [2021-02-07T11:42:12.187Z] <<< [apiv2][status] GET https://api.github.com/user 200
[debug] [2021-02-07T11:42:12.187Z] <<< [apiv2][body] GET https://api.github.com/user {"login":"avrahamm","id":22640786,"node_id":"MDQ6VXNlcjIyNjQwNzg2","avatar_url":"https://avatars.githubusercontent.com/u/22640786?v=4","gravatar_id":"","url":"https://api.github.com/users/avrahamm","html_url":"https://github.com/avrahamm","followers_url":"https://api.github.com/users/avrahamm/followers","following_url":"https://api.github.com/users/avrahamm/following{/other_user}","gists_url":"https://api.github.com/users/avrahamm/gists{/gist_id}","starred_url":"https://api.github.com/users/avrahamm/starred{/owner}{/repo}","subscriptions_url":"https://api.github.com/users/avrahamm/subscriptions","organizations_url":"https://api.github.com/users/avrahamm/orgs","repos_url":"https://api.github.com/users/avrahamm/repos","events_url":"https://api.github.com/users/avrahamm/events{/privacy}","received_events_url":"https://api.github.com/users/avrahamm/received_events","type":"User","site_admin":false,"name":null,"company":null,"blog":"","location":null,"email":null,"hireable":null,"bio":null,"twitter_username":null,"public_repos":46,"public_gists":0,"followers":0,"following":0,"created_at":"2016-10-05T14:58:44Z","updated_at":"2021-02-07T11:42:12Z","private_gists":0,"total_private_repos":1,"owned_private_repos":1,"disk_usage":22485,"collaborators":0,"two_factor_authentication":false,"plan":{"name":"free","space":976562499,"collaborators":0,"private_repos":10000}}
[info] 
[info] +  Success! Logged into GitHub as avrahamm 
[info] 
[debug] [2021-02-07T11:43:23.286Z] >>> [apiv2][query] GET https://api.github.com/repos/avrahamm/chat-project/actions/secrets/public-key type=owner
[debug] [2021-02-07T11:43:23.719Z] <<< [apiv2][status] GET https://api.github.com/repos/avrahamm/chat-project/actions/secrets/public-key 404
[debug] [2021-02-07T11:43:23.720Z] <<< [apiv2][body] GET https://api.github.com/repos/avrahamm/chat-project/actions/secrets/public-key {"message":"Not Found","documentation_url":"https://docs.github.com/rest/reference/actions#get-a-repository-public-key"}
[debug] [2021-02-07T11:43:36.807Z] >>> [apiv2][query] GET https://api.github.com/repos//actions/secrets/public-key type=owner
[debug] [2021-02-07T11:43:37.182Z] <<< [apiv2][status] GET https://api.github.com/repos//actions/secrets/public-key 404
[debug] [2021-02-07T11:43:37.182Z] <<< [apiv2][body] GET https://api.github.com/repos//actions/secrets/public-key {"message":"Not Found","documentation_url":"https://docs.github.com/rest"}
[debug] [2021-02-07T11:43:37.647Z] >>> [apiv2][query] GET https://api.github.com/repos//actions/secrets/public-key type=owner
[debug] [2021-02-07T11:43:38.028Z] <<< [apiv2][status] GET https://api.github.com/repos//actions/secrets/public-key 404
[debug] [2021-02-07T11:43:38.028Z] <<< [apiv2][body] GET https://api.github.com/repos//actions/secrets/public-key {"message":"Not Found","documentation_url":"https://docs.github.com/rest"}
[debug] [2021-02-07T11:43:38.055Z] >>> [apiv2][query] GET https://api.github.com/repos//actions/secrets/public-key type=owner
[debug] [2021-02-07T11:43:38.436Z] <<< [apiv2][status] GET https://api.github.com/repos//actions/secrets/public-key 404
[debug] [2021-02-07T11:43:38.436Z] <<< [apiv2][body] GET https://api.github.com/repos//actions/secrets/public-key {"message":"Not Found","documentation_url":"https://docs.github.com/rest"}
[debug] [2021-02-07T11:43:38.904Z] >>> [apiv2][query] GET https://api.github.com/repos//actions/secrets/public-key type=owner
[debug] [2021-02-07T11:43:39.266Z] <<< [apiv2][status] GET https://api.github.com/repos//actions/secrets/public-key 404
[debug] [2021-02-07T11:43:39.266Z] <<< [apiv2][body] GET https://api.github.com/repos//actions/secrets/public-key {"message":"Not Found","documentation_url":"https://docs.github.com/rest"}
[debug] [2021-02-07T11:43:39.599Z] >>> [apiv2][query] GET https://api.github.com/repos//actions/secrets/public-key type=owner
[debug] [2021-02-07T11:43:39.965Z] <<< [apiv2][status] GET https://api.github.com/repos//actions/secrets/public-key 404
[debug] [2021-02-07T11:43:39.965Z] <<< [apiv2][body] GET https://api.github.com/repos//actions/secrets/public-key {"message":"Not Found","documentation_url":"https://docs.github.com/rest"}
[debug] [2021-02-07T11:44:02.446Z] >>> [apiv2][query] GET https://api.github.com/repos/avrahamm/chat-project/actions/secrets/public-key type=owner
[debug] [2021-02-07T11:44:05.865Z] <<< [apiv2][status] GET https://api.github.com/repos/avrahamm/chat-project/actions/secrets/public-key 404
[debug] [2021-02-07T11:44:05.865Z] <<< [apiv2][body] GET https://api.github.com/repos/avrahamm/chat-project/actions/secrets/public-key {"message":"Not Found","documentation_url":"https://docs.github.com/rest/reference/actions#get-a-repository-public-key"}
[debug] [2021-02-07T11:47:40.499Z] ----------------------------------------------------------------------
[debug] [2021-02-07T11:47:40.502Z] Command:       C:\Program Files\nodejs\node.exe C:\Users\AlexJer\AppData\Roaming\npm\node_modules\firebase-tools\lib\bin\firebase.js init hosting
[debug] [2021-02-07T11:47:40.502Z] CLI Version:   9.3.0
[debug] [2021-02-07T11:47:40.502Z] Platform:      win32
[debug] [2021-02-07T11:47:40.502Z] Node Version:  v12.18.0
[debug] [2021-02-07T11:47:40.504Z] Time:          Sun Feb 07 2021 13:47:40 GMT+0200 (Israel Standard Time)
[debug] [2021-02-07T11:47:40.504Z] ----------------------------------------------------------------------
[debug] [2021-02-07T11:47:40.504Z] 
[debug] [2021-02-07T11:47:40.510Z] > command requires scopes: ["email","openid","https://www.googleapis.com/auth/cloudplatformprojects.readonly","https://www.googleapis.com/auth/firebase","https://www.googleapis.com/auth/cloud-platform"]
[debug] [2021-02-07T11:47:40.511Z] > authorizing via signed-in user
[info] 
     ######## #### ########  ######## ########     ###     ######  ########
     ##        ##  ##     ## ##       ##     ##  ##   ##  ##       ##
     ######    ##  ########  ######   ########  #########  ######  ######
     ##        ##  ##    ##  ##       ##     ## ##     ##       ## ##
     ##       #### ##     ## ######## ########  ##     ##  ######  ########

You're about to initialize a Firebase project in this directory:

  D:\YnonPerek\react\chat-project

Before we get started, keep in mind:

  * You are initializing in an existing Firebase project directory

[info] 
=== Project Setup
[info] 
[info] First, let's associate this project directory with a Firebase project.
[info] You can create multiple project aliases by running firebase use --add, 
[info] but for now we'll just set up a default project.
[info] 
[info] i  .firebaserc already has a default project, using redux-ynonp-chat-project. 
[debug] [2021-02-07T11:47:47.687Z] >>> [apiv2][query] GET https://firebase.googleapis.com/v1beta1/projects/redux-ynonp-chat-project [none]
[debug] [2021-02-07T11:47:48.091Z] <<< [apiv2][status] GET https://firebase.googleapis.com/v1beta1/projects/redux-ynonp-chat-project 200
[debug] [2021-02-07T11:47:48.091Z] <<< [apiv2][body] GET https://firebase.googleapis.com/v1beta1/projects/redux-ynonp-chat-project {"projectId":"redux-ynonp-chat-project","projectNumber":"1033997878027","displayName":"redux-ynonp-chat-project","name":"projects/redux-ynonp-chat-project","resources":{"hostingSite":"redux-ynonp-chat-project","realtimeDatabaseInstance":"redux-ynonp-chat-project","storageBucket":"redux-ynonp-chat-project.appspot.com","locationId":"us-central"},"state":"ACTIVE"}
[info] 
=== Hosting Setup
[info] 
[info] Your public directory is the folder (relative to your project directory) that
[info] will contain Hosting assets to be uploaded with firebase deploy. If you
[info] have a build process for your assets, use your build's output directory.
[info] 
[info] +  Wrote build/404.html 
[debug] [2021-02-07T11:49:55.287Z] >>> [apiv2][query] GET https://www.gstatic.com/firebasejs/releases.json [none]
[debug] [2021-02-07T11:49:58.621Z] <<< [apiv2][status] GET https://www.gstatic.com/firebasejs/releases.json 200
[debug] [2021-02-07T11:49:58.621Z] <<< [apiv2][body] GET https://www.gstatic.com/firebasejs/releases.json {"current":{"version":"8.2.6","browserURL":"https://www.gstatic.com/firebasejs/8.2.6/firebase.js","packageURL":"https://www.gstatic.com/firebasejs/8.2.6/firebase.tgz"},"live":{"version":"8.2","browserURL":"https://www.gstatic.com/firebasejs/live/8.2/firebase.js","packageURL":"https://www.gstatic.com/firebasejs/live/8.2/firebase.tgz"},"components":{"analytics":"https://www.gstatic.com/firebasejs/8.2.6/firebase-analytics.js","app":"https://www.gstatic.com/firebasejs/8.2.6/firebase-app.js","auth":"https://www.gstatic.com/firebasejs/8.2.6/firebase-auth.js","database":"https://www.gstatic.com/firebasejs/8.2.6/firebase-database.js","firestore":"https://www.gstatic.com/firebasejs/8.2.6/firebase-firestore.js","functions":"https://www.gstatic.com/firebasejs/8.2.6/firebase-functions.js","installations":"https://www.gstatic.com/firebasejs/8.2.6/firebase-installations.js","messaging":"https://www.gstatic.com/firebasejs/8.2.6/firebase-messaging.js","storage":"https://www.gstatic.com/firebasejs/8.2.6/firebase-storage.js","performance":"https://www.gstatic.com/firebasejs/8.2.6/firebase-performance.js","remote-config":"https://www.gstatic.com/firebasejs/8.2.6/firebase-remote-config.js","firestore.memory":"https://www.gstatic.com/firebasejs/8.2.6/firebase-firestore.memory.js"}}
[info] +  Wrote build/index.html 
[info] 
[info] i  Detected a .git folder at D:\YnonPerek\react\chat-project 
[info] i  Authorizing with GitHub to upload your service account to a GitHub repository's secrets store. 
[info] 
[info] Visit this URL on this device to log in:
[info] https://github.com/login/oauth/authorize?client_id=89cf50f02ac6aaed3484&state=796656742&redirect_uri=http%3A%2F%2Flocalhost%3A9005&scope=read%3Auser%20repo%20public_repo
[info] 
[info] Waiting for authentication...
[debug] [2021-02-07T11:50:02.480Z] >>> HTTP REQUEST POST https://github.com/login/oauth/access_token  
 {"client_id":"89cf50f02ac6aaed3484","client_secret":"3330d14abc895d9a74d5f17cd7a00711fa2c5bf0","code":"dd5062208e464bde5346","redirect_uri":"http://localhost:9005","state":"796656742"}
[debug] [2021-02-07T11:50:02.926Z] <<< HTTP RESPONSE 200 {"date":"Sun, 07 Feb 2021 11:50:04 GMT","content-type":"application/json; charset=utf-8","transfer-encoding":"chunked","server":"GitHub.com","vary":"X-PJAX, Accept-Encoding, Accept, X-Requested-With, Accept-Encoding","etag":"W/\"57d2794db3292db1b2e103037166ba7c\"","cache-control":"max-age=0, private, must-revalidate","strict-transport-security":"max-age=31536000; includeSubdomains; preload","x-frame-options":"deny","x-content-type-options":"nosniff","x-xss-protection":"1; mode=block","referrer-policy":"origin-when-cross-origin, strict-origin-when-cross-origin","expect-ct":"max-age=2592000, report-uri=\"https://api.github.com/_private/browser/errors\"","content-security-policy":"default-src 'none'; base-uri 'self'; block-all-mixed-content; connect-src 'self' uploads.github.com www.githubstatus.com collector.githubapp.com api.github.com github-cloud.s3.amazonaws.com github-production-repository-file-5c1aeb.s3.amazonaws.com github-production-upload-manifest-file-7fdce7.s3.amazonaws.com github-production-user-asset-6210df.s3.amazonaws.com cdn.optimizely.com logx.optimizely.com/v1/events wss://alive.github.com; font-src github.githubassets.com; form-action 'self' github.com gist.github.com; frame-ancestors 'none'; frame-src render.githubusercontent.com; img-src 'self' data: github.githubassets.com identicons.github.com collector.githubapp.com github-cloud.s3.amazonaws.com *.githubusercontent.com; manifest-src 'self'; media-src 'none'; script-src github.githubassets.com; style-src 'unsafe-inline' github.githubassets.com; worker-src github.com/socket-worker-5029ae85.js gist.github.com/socket-worker-5029ae85.js","x-github-request-id":"DCF0:AC67:BA390F:EED0D4:601FD3EC"}
[debug] [2021-02-07T11:50:02.927Z] >>> [apiv2][query] GET https://api.github.com/user [none]
[debug] [2021-02-07T11:50:03.375Z] <<< [apiv2][status] GET https://api.github.com/user 200
[debug] [2021-02-07T11:50:03.375Z] <<< [apiv2][body] GET https://api.github.com/user {"login":"avrahamm","id":22640786,"node_id":"MDQ6VXNlcjIyNjQwNzg2","avatar_url":"https://avatars.githubusercontent.com/u/22640786?v=4","gravatar_id":"","url":"https://api.github.com/users/avrahamm","html_url":"https://github.com/avrahamm","followers_url":"https://api.github.com/users/avrahamm/followers","following_url":"https://api.github.com/users/avrahamm/following{/other_user}","gists_url":"https://api.github.com/users/avrahamm/gists{/gist_id}","starred_url":"https://api.github.com/users/avrahamm/starred{/owner}{/repo}","subscriptions_url":"https://api.github.com/users/avrahamm/subscriptions","organizations_url":"https://api.github.com/users/avrahamm/orgs","repos_url":"https://api.github.com/users/avrahamm/repos","events_url":"https://api.github.com/users/avrahamm/events{/privacy}","received_events_url":"https://api.github.com/users/avrahamm/received_events","type":"User","site_admin":false,"name":null,"company":null,"blog":"","location":null,"email":null,"hireable":null,"bio":null,"twitter_username":null,"public_repos":46,"public_gists":0,"followers":0,"following":0,"created_at":"2016-10-05T14:58:44Z","updated_at":"2021-02-07T11:42:12Z","private_gists":0,"total_private_repos":1,"owned_private_repos":1,"disk_usage":22485,"collaborators":0,"two_factor_authentication":false,"plan":{"name":"free","space":976562499,"collaborators":0,"private_repos":10000}}
[info] 
[info] +  Success! Logged into GitHub as avrahamm 
[info] 
[debug] [2021-02-07T11:51:08.644Z] >>> [apiv2][query] GET https://api.github.com/repos//actions/secrets/public-key type=owner
[debug] [2021-02-07T11:51:09.047Z] <<< [apiv2][status] GET https://api.github.com/repos//actions/secrets/public-key 404
[debug] [2021-02-07T11:51:09.047Z] <<< [apiv2][body] GET https://api.github.com/repos//actions/secrets/public-key {"message":"Not Found","documentation_url":"https://docs.github.com/rest"}
